<?xml version="1.0" encoding="UTF-8"?>
<testsuite xmlns:xsi="http://www.w3.org/2001/XMLSchema-instance" xsi:noNamespaceSchemaLocation="https://maven.apache.org/surefire/maven-surefire-plugin/xsd/surefire-test-report.xsd" name="com.example.books.BooksApplicationTests" time="37.265" tests="1" errors="0" skipped="0" failures="0">
  <properties>
    <property name="java.specification.version" value="18"/>
    <property name="sun.cpu.isalist" value="amd64"/>
    <property name="sun.jnu.encoding" value="MS950"/>
    <property name="java.class.path" value="C:\Users\Lenovo\IdeaProjects\books\target\test-classes;C:\Users\Lenovo\IdeaProjects\books\target\classes;C:\Users\Lenovo\.m2\repository\org\springframework\boot\spring-boot-starter-web\2.6.3\spring-boot-starter-web-2.6.3.jar;C:\Users\Lenovo\.m2\repository\org\springframework\boot\spring-boot-starter\2.6.3\spring-boot-starter-2.6.3.jar;C:\Users\Lenovo\.m2\repository\org\springframework\boot\spring-boot\2.6.3\spring-boot-2.6.3.jar;C:\Users\Lenovo\.m2\repository\org\springframework\boot\spring-boot-starter-logging\2.6.3\spring-boot-starter-logging-2.6.3.jar;C:\Users\Lenovo\.m2\repository\ch\qos\logback\logback-classic\1.2.10\logback-classic-1.2.10.jar;C:\Users\Lenovo\.m2\repository\ch\qos\logback\logback-core\1.2.10\logback-core-1.2.10.jar;C:\Users\Lenovo\.m2\repository\org\apache\logging\log4j\log4j-to-slf4j\2.17.1\log4j-to-slf4j-2.17.1.jar;C:\Users\Lenovo\.m2\repository\org\apache\logging\log4j\log4j-api\2.17.1\log4j-api-2.17.1.jar;C:\Users\Lenovo\.m2\repository\org\slf4j\jul-to-slf4j\1.7.33\jul-to-slf4j-1.7.33.jar;C:\Users\Lenovo\.m2\repository\jakarta\annotation\jakarta.annotation-api\1.3.5\jakarta.annotation-api-1.3.5.jar;C:\Users\Lenovo\.m2\repository\org\yaml\snakeyaml\1.29\snakeyaml-1.29.jar;C:\Users\Lenovo\.m2\repository\org\springframework\boot\spring-boot-starter-tomcat\2.6.3\spring-boot-starter-tomcat-2.6.3.jar;C:\Users\Lenovo\.m2\repository\org\apache\tomcat\embed\tomcat-embed-core\9.0.56\tomcat-embed-core-9.0.56.jar;C:\Users\Lenovo\.m2\repository\org\apache\tomcat\embed\tomcat-embed-el\9.0.56\tomcat-embed-el-9.0.56.jar;C:\Users\Lenovo\.m2\repository\org\apache\tomcat\embed\tomcat-embed-websocket\9.0.56\tomcat-embed-websocket-9.0.56.jar;C:\Users\Lenovo\.m2\repository\org\springframework\spring-web\5.3.15\spring-web-5.3.15.jar;C:\Users\Lenovo\.m2\repository\org\springframework\spring-webmvc\5.3.15\spring-webmvc-5.3.15.jar;C:\Users\Lenovo\.m2\repository\org\springframework\spring-expression\5.3.15\spring-expression-5.3.15.jar;C:\Users\Lenovo\.m2\repository\org\springframework\boot\spring-boot-starter-test\2.6.3\spring-boot-starter-test-2.6.3.jar;C:\Users\Lenovo\.m2\repository\org\springframework\boot\spring-boot-test\2.6.3\spring-boot-test-2.6.3.jar;C:\Users\Lenovo\.m2\repository\org\springframework\boot\spring-boot-test-autoconfigure\2.6.3\spring-boot-test-autoconfigure-2.6.3.jar;C:\Users\Lenovo\.m2\repository\com\jayway\jsonpath\json-path\2.6.0\json-path-2.6.0.jar;C:\Users\Lenovo\.m2\repository\net\minidev\json-smart\2.4.7\json-smart-2.4.7.jar;C:\Users\Lenovo\.m2\repository\net\minidev\accessors-smart\2.4.7\accessors-smart-2.4.7.jar;C:\Users\Lenovo\.m2\repository\org\ow2\asm\asm\9.1\asm-9.1.jar;C:\Users\Lenovo\.m2\repository\jakarta\xml\bind\jakarta.xml.bind-api\2.3.3\jakarta.xml.bind-api-2.3.3.jar;C:\Users\Lenovo\.m2\repository\jakarta\activation\jakarta.activation-api\1.2.2\jakarta.activation-api-1.2.2.jar;C:\Users\Lenovo\.m2\repository\org\assertj\assertj-core\3.21.0\assertj-core-3.21.0.jar;C:\Users\Lenovo\.m2\repository\org\hamcrest\hamcrest\2.2\hamcrest-2.2.jar;C:\Users\Lenovo\.m2\repository\org\junit\jupiter\junit-jupiter\5.8.2\junit-jupiter-5.8.2.jar;C:\Users\Lenovo\.m2\repository\org\junit\jupiter\junit-jupiter-api\5.8.2\junit-jupiter-api-5.8.2.jar;C:\Users\Lenovo\.m2\repository\org\opentest4j\opentest4j\1.2.0\opentest4j-1.2.0.jar;C:\Users\Lenovo\.m2\repository\org\junit\platform\junit-platform-commons\1.8.2\junit-platform-commons-1.8.2.jar;C:\Users\Lenovo\.m2\repository\org\apiguardian\apiguardian-api\1.1.2\apiguardian-api-1.1.2.jar;C:\Users\Lenovo\.m2\repository\org\junit\jupiter\junit-jupiter-params\5.8.2\junit-jupiter-params-5.8.2.jar;C:\Users\Lenovo\.m2\repository\org\junit\jupiter\junit-jupiter-engine\5.8.2\junit-jupiter-engine-5.8.2.jar;C:\Users\Lenovo\.m2\repository\org\junit\platform\junit-platform-engine\1.8.2\junit-platform-engine-1.8.2.jar;C:\Users\Lenovo\.m2\repository\org\mockito\mockito-core\4.0.0\mockito-core-4.0.0.jar;C:\Users\Lenovo\.m2\repository\net\bytebuddy\byte-buddy\1.11.22\byte-buddy-1.11.22.jar;C:\Users\Lenovo\.m2\repository\net\bytebuddy\byte-buddy-agent\1.11.22\byte-buddy-agent-1.11.22.jar;C:\Users\Lenovo\.m2\repository\org\objenesis\objenesis\3.2\objenesis-3.2.jar;C:\Users\Lenovo\.m2\repository\org\mockito\mockito-junit-jupiter\4.0.0\mockito-junit-jupiter-4.0.0.jar;C:\Users\Lenovo\.m2\repository\org\skyscreamer\jsonassert\1.5.0\jsonassert-1.5.0.jar;C:\Users\Lenovo\.m2\repository\com\vaadin\external\google\android-json\0.0.20131108.vaadin1\android-json-0.0.20131108.vaadin1.jar;C:\Users\Lenovo\.m2\repository\org\springframework\spring-core\5.3.15\spring-core-5.3.15.jar;C:\Users\Lenovo\.m2\repository\org\springframework\spring-jcl\5.3.15\spring-jcl-5.3.15.jar;C:\Users\Lenovo\.m2\repository\org\springframework\spring-test\5.3.15\spring-test-5.3.15.jar;C:\Users\Lenovo\.m2\repository\org\xmlunit\xmlunit-core\2.8.4\xmlunit-core-2.8.4.jar;C:\Users\Lenovo\.m2\repository\org\springframework\boot\spring-boot-starter-thymeleaf\2.6.3\spring-boot-starter-thymeleaf-2.6.3.jar;C:\Users\Lenovo\.m2\repository\org\thymeleaf\thymeleaf-spring5\3.0.14.RELEASE\thymeleaf-spring5-3.0.14.RELEASE.jar;C:\Users\Lenovo\.m2\repository\org\thymeleaf\thymeleaf\3.0.14.RELEASE\thymeleaf-3.0.14.RELEASE.jar;C:\Users\Lenovo\.m2\repository\org\attoparser\attoparser\2.0.5.RELEASE\attoparser-2.0.5.RELEASE.jar;C:\Users\Lenovo\.m2\repository\org\unbescape\unbescape\1.1.6.RELEASE\unbescape-1.1.6.RELEASE.jar;C:\Users\Lenovo\.m2\repository\org\thymeleaf\extras\thymeleaf-extras-java8time\3.0.4.RELEASE\thymeleaf-extras-java8time-3.0.4.RELEASE.jar;C:\Users\Lenovo\.m2\repository\org\springframework\boot\spring-boot-starter-mail\2.6.3\spring-boot-starter-mail-2.6.3.jar;C:\Users\Lenovo\.m2\repository\org\springframework\spring-context-support\5.3.15\spring-context-support-5.3.15.jar;C:\Users\Lenovo\.m2\repository\com\sun\mail\jakarta.mail\1.6.7\jakarta.mail-1.6.7.jar;C:\Users\Lenovo\.m2\repository\com\sun\activation\jakarta.activation\1.2.2\jakarta.activation-1.2.2.jar;C:\Users\Lenovo\.m2\repository\org\apache\commons\commons-lang3\3.12.0\commons-lang3-3.12.0.jar;C:\Users\Lenovo\.m2\repository\io\swagger\swagger-annotations\1.6.8\swagger-annotations-1.6.8.jar;C:\Users\Lenovo\.m2\repository\org\thymeleaf\extras\thymeleaf-extras-springsecurity5\3.0.4.RELEASE\thymeleaf-extras-springsecurity5-3.0.4.RELEASE.jar;C:\Users\Lenovo\.m2\repository\org\slf4j\slf4j-api\1.7.33\slf4j-api-1.7.33.jar;C:\Users\Lenovo\.m2\repository\org\springframework\boot\spring-boot-starter-security\2.6.3\spring-boot-starter-security-2.6.3.jar;C:\Users\Lenovo\.m2\repository\org\springframework\spring-aop\5.3.15\spring-aop-5.3.15.jar;C:\Users\Lenovo\.m2\repository\org\springframework\security\spring-security-config\5.6.1\spring-security-config-5.6.1.jar;C:\Users\Lenovo\.m2\repository\org\springframework\security\spring-security-web\5.6.1\spring-security-web-5.6.1.jar;C:\Users\Lenovo\.m2\repository\org\springframework\boot\spring-boot-starter-oauth2-client\2.6.3\spring-boot-starter-oauth2-client-2.6.3.jar;C:\Users\Lenovo\.m2\repository\org\springframework\security\spring-security-core\5.6.1\spring-security-core-5.6.1.jar;C:\Users\Lenovo\.m2\repository\org\springframework\security\spring-security-crypto\5.6.1\spring-security-crypto-5.6.1.jar;C:\Users\Lenovo\.m2\repository\org\springframework\security\spring-security-oauth2-client\5.6.1\spring-security-oauth2-client-5.6.1.jar;C:\Users\Lenovo\.m2\repository\org\springframework\security\spring-security-oauth2-core\5.6.1\spring-security-oauth2-core-5.6.1.jar;C:\Users\Lenovo\.m2\repository\com\nimbusds\oauth2-oidc-sdk\9.19\oauth2-oidc-sdk-9.19.jar;C:\Users\Lenovo\.m2\repository\com\github\stephenc\jcip\jcip-annotations\1.0-1\jcip-annotations-1.0-1.jar;C:\Users\Lenovo\.m2\repository\com\nimbusds\content-type\2.1\content-type-2.1.jar;C:\Users\Lenovo\.m2\repository\com\nimbusds\lang-tag\1.5\lang-tag-1.5.jar;C:\Users\Lenovo\.m2\repository\org\springframework\security\spring-security-oauth2-jose\5.6.1\spring-security-oauth2-jose-5.6.1.jar;C:\Users\Lenovo\.m2\repository\com\nimbusds\nimbus-jose-jwt\9.14\nimbus-jose-jwt-9.14.jar;C:\Users\Lenovo\.m2\repository\org\springframework\security\spring-security-test\5.6.1\spring-security-test-5.6.1.jar;C:\Users\Lenovo\.m2\repository\org\springframework\security\oauth\spring-security-oauth2\2.3.3.RELEASE\spring-security-oauth2-2.3.3.RELEASE.jar;C:\Users\Lenovo\.m2\repository\org\springframework\spring-beans\5.3.15\spring-beans-5.3.15.jar;C:\Users\Lenovo\.m2\repository\org\springframework\spring-context\5.3.15\spring-context-5.3.15.jar;C:\Users\Lenovo\.m2\repository\org\codehaus\jackson\jackson-mapper-asl\1.9.13\jackson-mapper-asl-1.9.13.jar;C:\Users\Lenovo\.m2\repository\org\codehaus\jackson\jackson-core-asl\1.9.13\jackson-core-asl-1.9.13.jar;C:\Users\Lenovo\.m2\repository\com\google\code\gson\gson\2.8.5\gson-2.8.5.jar;C:\Users\Lenovo\.m2\repository\org\springframework\boot\spring-boot-starter-webflux\2.6.3\spring-boot-starter-webflux-2.6.3.jar;C:\Users\Lenovo\.m2\repository\org\springframework\boot\spring-boot-starter-reactor-netty\2.6.3\spring-boot-starter-reactor-netty-2.6.3.jar;C:\Users\Lenovo\.m2\repository\io\projectreactor\netty\reactor-netty-http\1.0.15\reactor-netty-http-1.0.15.jar;C:\Users\Lenovo\.m2\repository\io\netty\netty-codec-http\4.1.73.Final\netty-codec-http-4.1.73.Final.jar;C:\Users\Lenovo\.m2\repository\io\netty\netty-common\4.1.73.Final\netty-common-4.1.73.Final.jar;C:\Users\Lenovo\.m2\repository\io\netty\netty-buffer\4.1.73.Final\netty-buffer-4.1.73.Final.jar;C:\Users\Lenovo\.m2\repository\io\netty\netty-transport\4.1.73.Final\netty-transport-4.1.73.Final.jar;C:\Users\Lenovo\.m2\repository\io\netty\netty-codec\4.1.73.Final\netty-codec-4.1.73.Final.jar;C:\Users\Lenovo\.m2\repository\io\netty\netty-handler\4.1.73.Final\netty-handler-4.1.73.Final.jar;C:\Users\Lenovo\.m2\repository\io\netty\netty-tcnative-classes\2.0.46.Final\netty-tcnative-classes-2.0.46.Final.jar;C:\Users\Lenovo\.m2\repository\io\netty\netty-codec-http2\4.1.73.Final\netty-codec-http2-4.1.73.Final.jar;C:\Users\Lenovo\.m2\repository\io\netty\netty-resolver-dns\4.1.73.Final\netty-resolver-dns-4.1.73.Final.jar;C:\Users\Lenovo\.m2\repository\io\netty\netty-resolver\4.1.73.Final\netty-resolver-4.1.73.Final.jar;C:\Users\Lenovo\.m2\repository\io\netty\netty-codec-dns\4.1.73.Final\netty-codec-dns-4.1.73.Final.jar;C:\Users\Lenovo\.m2\repository\io\netty\netty-resolver-dns-native-macos\4.1.73.Final\netty-resolver-dns-native-macos-4.1.73.Final-osx-x86_64.jar;C:\Users\Lenovo\.m2\repository\io\netty\netty-resolver-dns-classes-macos\4.1.73.Final\netty-resolver-dns-classes-macos-4.1.73.Final.jar;C:\Users\Lenovo\.m2\repository\io\netty\netty-transport-native-epoll\4.1.73.Final\netty-transport-native-epoll-4.1.73.Final-linux-x86_64.jar;C:\Users\Lenovo\.m2\repository\io\netty\netty-transport-native-unix-common\4.1.73.Final\netty-transport-native-unix-common-4.1.73.Final.jar;C:\Users\Lenovo\.m2\repository\io\netty\netty-transport-classes-epoll\4.1.73.Final\netty-transport-classes-epoll-4.1.73.Final.jar;C:\Users\Lenovo\.m2\repository\io\projectreactor\netty\reactor-netty-core\1.0.15\reactor-netty-core-1.0.15.jar;C:\Users\Lenovo\.m2\repository\io\netty\netty-handler-proxy\4.1.73.Final\netty-handler-proxy-4.1.73.Final.jar;C:\Users\Lenovo\.m2\repository\io\netty\netty-codec-socks\4.1.73.Final\netty-codec-socks-4.1.73.Final.jar;C:\Users\Lenovo\.m2\repository\org\springframework\spring-webflux\5.3.15\spring-webflux-5.3.15.jar;C:\Users\Lenovo\.m2\repository\io\projectreactor\reactor-core\3.4.14\reactor-core-3.4.14.jar;C:\Users\Lenovo\.m2\repository\org\reactivestreams\reactive-streams\1.0.3\reactive-streams-1.0.3.jar;C:\Users\Lenovo\.m2\repository\com\baomidou\mybatis-plus-boot-starter\3.5.1\mybatis-plus-boot-starter-3.5.1.jar;C:\Users\Lenovo\.m2\repository\com\baomidou\mybatis-plus\3.5.1\mybatis-plus-3.5.1.jar;C:\Users\Lenovo\.m2\repository\com\baomidou\mybatis-plus-extension\3.5.1\mybatis-plus-extension-3.5.1.jar;C:\Users\Lenovo\.m2\repository\com\baomidou\mybatis-plus-core\3.5.1\mybatis-plus-core-3.5.1.jar;C:\Users\Lenovo\.m2\repository\com\baomidou\mybatis-plus-annotation\3.5.1\mybatis-plus-annotation-3.5.1.jar;C:\Users\Lenovo\.m2\repository\com\github\jsqlparser\jsqlparser\4.3\jsqlparser-4.3.jar;C:\Users\Lenovo\.m2\repository\org\mybatis\mybatis\3.5.9\mybatis-3.5.9.jar;C:\Users\Lenovo\.m2\repository\org\mybatis\mybatis-spring\2.0.6\mybatis-spring-2.0.6.jar;C:\Users\Lenovo\.m2\repository\org\springframework\boot\spring-boot-autoconfigure\2.6.3\spring-boot-autoconfigure-2.6.3.jar;C:\Users\Lenovo\.m2\repository\org\springframework\boot\spring-boot-starter-jdbc\2.6.3\spring-boot-starter-jdbc-2.6.3.jar;C:\Users\Lenovo\.m2\repository\com\zaxxer\HikariCP\4.0.3\HikariCP-4.0.3.jar;C:\Users\Lenovo\.m2\repository\org\springframework\spring-jdbc\5.3.15\spring-jdbc-5.3.15.jar;C:\Users\Lenovo\.m2\repository\org\springframework\spring-tx\5.3.15\spring-tx-5.3.15.jar;C:\Users\Lenovo\.m2\repository\org\projectlombok\lombok\1.18.22\lombok-1.18.22.jar;C:\Users\Lenovo\.m2\repository\mysql\mysql-connector-java\8.0.28\mysql-connector-java-8.0.28.jar;C:\Users\Lenovo\.m2\repository\com\baomidou\mybatis-plus-generator\3.5.1\mybatis-plus-generator-3.5.1.jar;C:\Users\Lenovo\.m2\repository\org\freemarker\freemarker\2.3.31\freemarker-2.3.31.jar;C:\Users\Lenovo\.m2\repository\junit\junit\4.13.2\junit-4.13.2.jar;C:\Users\Lenovo\.m2\repository\org\hamcrest\hamcrest-core\2.2\hamcrest-core-2.2.jar;C:\Users\Lenovo\.m2\repository\org\webjars\vue\2.7.8\vue-2.7.8.jar;C:\Users\Lenovo\.m2\repository\org\webjars\npm\axios\1.1.3\axios-1.1.3.jar;C:\Users\Lenovo\.m2\repository\org\webjars\npm\follow-redirects\1.15.2\follow-redirects-1.15.2.jar;C:\Users\Lenovo\.m2\repository\org\webjars\npm\form-data\4.0.0\form-data-4.0.0.jar;C:\Users\Lenovo\.m2\repository\org\webjars\npm\asynckit\0.4.0\asynckit-0.4.0.jar;C:\Users\Lenovo\.m2\repository\org\webjars\npm\combined-stream\1.0.8\combined-stream-1.0.8.jar;C:\Users\Lenovo\.m2\repository\org\webjars\npm\delayed-stream\1.0.0\delayed-stream-1.0.0.jar;C:\Users\Lenovo\.m2\repository\org\webjars\npm\mime-types\2.1.35\mime-types-2.1.35.jar;C:\Users\Lenovo\.m2\repository\org\webjars\npm\mime-db\1.52.0\mime-db-1.52.0.jar;C:\Users\Lenovo\.m2\repository\org\webjars\npm\proxy-from-env\1.1.0\proxy-from-env-1.1.0.jar;C:\Users\Lenovo\.m2\repository\org\springframework\boot\spring-boot-starter-json\2.0.3.RELEASE\spring-boot-starter-json-2.0.3.RELEASE.jar;C:\Users\Lenovo\.m2\repository\com\fasterxml\jackson\core\jackson-databind\2.13.1\jackson-databind-2.13.1.jar;C:\Users\Lenovo\.m2\repository\com\fasterxml\jackson\core\jackson-annotations\2.13.1\jackson-annotations-2.13.1.jar;C:\Users\Lenovo\.m2\repository\com\fasterxml\jackson\core\jackson-core\2.13.1\jackson-core-2.13.1.jar;C:\Users\Lenovo\.m2\repository\com\fasterxml\jackson\datatype\jackson-datatype-jdk8\2.13.1\jackson-datatype-jdk8-2.13.1.jar;C:\Users\Lenovo\.m2\repository\com\fasterxml\jackson\datatype\jackson-datatype-jsr310\2.13.1\jackson-datatype-jsr310-2.13.1.jar;C:\Users\Lenovo\.m2\repository\com\fasterxml\jackson\module\jackson-module-parameter-names\2.13.1\jackson-module-parameter-names-2.13.1.jar;C:\Users\Lenovo\.m2\repository\com\github\penggle\kaptcha\2.3.2\kaptcha-2.3.2.jar;C:\Users\Lenovo\.m2\repository\javax\servlet\javax.servlet-api\4.0.1\javax.servlet-api-4.0.1.jar;C:\Users\Lenovo\.m2\repository\com\jhlabs\filters\2.0.235-1\filters-2.0.235-1.jar;C:\Users\Lenovo\.m2\repository\commons-codec\commons-codec\1.11\commons-codec-1.11.jar;"/>
    <property name="java.vm.vendor" value="Oracle Corporation"/>
    <property name="sun.arch.data.model" value="64"/>
    <property name="user.variant" value=""/>
    <property name="java.vendor.url" value="https://java.oracle.com/"/>
    <property name="user.timezone" value="Asia/Taipei"/>
    <property name="os.name" value="Windows 10"/>
    <property name="java.vm.specification.version" value="18"/>
    <property name="sun.java.launcher" value="SUN_STANDARD"/>
    <property name="user.country" value="TW"/>
    <property name="sun.boot.library.path" value="C:\Program Files\Java\jdk-18.0.2.1\bin"/>
    <property name="sun.java.command" value="C:\Users\Lenovo\AppData\Local\Temp\surefire7774849634472161354\surefirebooter4930843758293044428.jar C:\Users\Lenovo\AppData\Local\Temp\surefire7774849634472161354 2022-12-22T22-47-03_875-jvmRun1 surefire8118668022403340824tmp surefire_010840180238979683663tmp"/>
    <property name="jdk.debug" value="release"/>
    <property name="surefire.test.class.path" value="C:\Users\Lenovo\IdeaProjects\books\target\test-classes;C:\Users\Lenovo\IdeaProjects\books\target\classes;C:\Users\Lenovo\.m2\repository\org\springframework\boot\spring-boot-starter-web\2.6.3\spring-boot-starter-web-2.6.3.jar;C:\Users\Lenovo\.m2\repository\org\springframework\boot\spring-boot-starter\2.6.3\spring-boot-starter-2.6.3.jar;C:\Users\Lenovo\.m2\repository\org\springframework\boot\spring-boot\2.6.3\spring-boot-2.6.3.jar;C:\Users\Lenovo\.m2\repository\org\springframework\boot\spring-boot-starter-logging\2.6.3\spring-boot-starter-logging-2.6.3.jar;C:\Users\Lenovo\.m2\repository\ch\qos\logback\logback-classic\1.2.10\logback-classic-1.2.10.jar;C:\Users\Lenovo\.m2\repository\ch\qos\logback\logback-core\1.2.10\logback-core-1.2.10.jar;C:\Users\Lenovo\.m2\repository\org\apache\logging\log4j\log4j-to-slf4j\2.17.1\log4j-to-slf4j-2.17.1.jar;C:\Users\Lenovo\.m2\repository\org\apache\logging\log4j\log4j-api\2.17.1\log4j-api-2.17.1.jar;C:\Users\Lenovo\.m2\repository\org\slf4j\jul-to-slf4j\1.7.33\jul-to-slf4j-1.7.33.jar;C:\Users\Lenovo\.m2\repository\jakarta\annotation\jakarta.annotation-api\1.3.5\jakarta.annotation-api-1.3.5.jar;C:\Users\Lenovo\.m2\repository\org\yaml\snakeyaml\1.29\snakeyaml-1.29.jar;C:\Users\Lenovo\.m2\repository\org\springframework\boot\spring-boot-starter-tomcat\2.6.3\spring-boot-starter-tomcat-2.6.3.jar;C:\Users\Lenovo\.m2\repository\org\apache\tomcat\embed\tomcat-embed-core\9.0.56\tomcat-embed-core-9.0.56.jar;C:\Users\Lenovo\.m2\repository\org\apache\tomcat\embed\tomcat-embed-el\9.0.56\tomcat-embed-el-9.0.56.jar;C:\Users\Lenovo\.m2\repository\org\apache\tomcat\embed\tomcat-embed-websocket\9.0.56\tomcat-embed-websocket-9.0.56.jar;C:\Users\Lenovo\.m2\repository\org\springframework\spring-web\5.3.15\spring-web-5.3.15.jar;C:\Users\Lenovo\.m2\repository\org\springframework\spring-webmvc\5.3.15\spring-webmvc-5.3.15.jar;C:\Users\Lenovo\.m2\repository\org\springframework\spring-expression\5.3.15\spring-expression-5.3.15.jar;C:\Users\Lenovo\.m2\repository\org\springframework\boot\spring-boot-starter-test\2.6.3\spring-boot-starter-test-2.6.3.jar;C:\Users\Lenovo\.m2\repository\org\springframework\boot\spring-boot-test\2.6.3\spring-boot-test-2.6.3.jar;C:\Users\Lenovo\.m2\repository\org\springframework\boot\spring-boot-test-autoconfigure\2.6.3\spring-boot-test-autoconfigure-2.6.3.jar;C:\Users\Lenovo\.m2\repository\com\jayway\jsonpath\json-path\2.6.0\json-path-2.6.0.jar;C:\Users\Lenovo\.m2\repository\net\minidev\json-smart\2.4.7\json-smart-2.4.7.jar;C:\Users\Lenovo\.m2\repository\net\minidev\accessors-smart\2.4.7\accessors-smart-2.4.7.jar;C:\Users\Lenovo\.m2\repository\org\ow2\asm\asm\9.1\asm-9.1.jar;C:\Users\Lenovo\.m2\repository\jakarta\xml\bind\jakarta.xml.bind-api\2.3.3\jakarta.xml.bind-api-2.3.3.jar;C:\Users\Lenovo\.m2\repository\jakarta\activation\jakarta.activation-api\1.2.2\jakarta.activation-api-1.2.2.jar;C:\Users\Lenovo\.m2\repository\org\assertj\assertj-core\3.21.0\assertj-core-3.21.0.jar;C:\Users\Lenovo\.m2\repository\org\hamcrest\hamcrest\2.2\hamcrest-2.2.jar;C:\Users\Lenovo\.m2\repository\org\junit\jupiter\junit-jupiter\5.8.2\junit-jupiter-5.8.2.jar;C:\Users\Lenovo\.m2\repository\org\junit\jupiter\junit-jupiter-api\5.8.2\junit-jupiter-api-5.8.2.jar;C:\Users\Lenovo\.m2\repository\org\opentest4j\opentest4j\1.2.0\opentest4j-1.2.0.jar;C:\Users\Lenovo\.m2\repository\org\junit\platform\junit-platform-commons\1.8.2\junit-platform-commons-1.8.2.jar;C:\Users\Lenovo\.m2\repository\org\apiguardian\apiguardian-api\1.1.2\apiguardian-api-1.1.2.jar;C:\Users\Lenovo\.m2\repository\org\junit\jupiter\junit-jupiter-params\5.8.2\junit-jupiter-params-5.8.2.jar;C:\Users\Lenovo\.m2\repository\org\junit\jupiter\junit-jupiter-engine\5.8.2\junit-jupiter-engine-5.8.2.jar;C:\Users\Lenovo\.m2\repository\org\junit\platform\junit-platform-engine\1.8.2\junit-platform-engine-1.8.2.jar;C:\Users\Lenovo\.m2\repository\org\mockito\mockito-core\4.0.0\mockito-core-4.0.0.jar;C:\Users\Lenovo\.m2\repository\net\bytebuddy\byte-buddy\1.11.22\byte-buddy-1.11.22.jar;C:\Users\Lenovo\.m2\repository\net\bytebuddy\byte-buddy-agent\1.11.22\byte-buddy-agent-1.11.22.jar;C:\Users\Lenovo\.m2\repository\org\objenesis\objenesis\3.2\objenesis-3.2.jar;C:\Users\Lenovo\.m2\repository\org\mockito\mockito-junit-jupiter\4.0.0\mockito-junit-jupiter-4.0.0.jar;C:\Users\Lenovo\.m2\repository\org\skyscreamer\jsonassert\1.5.0\jsonassert-1.5.0.jar;C:\Users\Lenovo\.m2\repository\com\vaadin\external\google\android-json\0.0.20131108.vaadin1\android-json-0.0.20131108.vaadin1.jar;C:\Users\Lenovo\.m2\repository\org\springframework\spring-core\5.3.15\spring-core-5.3.15.jar;C:\Users\Lenovo\.m2\repository\org\springframework\spring-jcl\5.3.15\spring-jcl-5.3.15.jar;C:\Users\Lenovo\.m2\repository\org\springframework\spring-test\5.3.15\spring-test-5.3.15.jar;C:\Users\Lenovo\.m2\repository\org\xmlunit\xmlunit-core\2.8.4\xmlunit-core-2.8.4.jar;C:\Users\Lenovo\.m2\repository\org\springframework\boot\spring-boot-starter-thymeleaf\2.6.3\spring-boot-starter-thymeleaf-2.6.3.jar;C:\Users\Lenovo\.m2\repository\org\thymeleaf\thymeleaf-spring5\3.0.14.RELEASE\thymeleaf-spring5-3.0.14.RELEASE.jar;C:\Users\Lenovo\.m2\repository\org\thymeleaf\thymeleaf\3.0.14.RELEASE\thymeleaf-3.0.14.RELEASE.jar;C:\Users\Lenovo\.m2\repository\org\attoparser\attoparser\2.0.5.RELEASE\attoparser-2.0.5.RELEASE.jar;C:\Users\Lenovo\.m2\repository\org\unbescape\unbescape\1.1.6.RELEASE\unbescape-1.1.6.RELEASE.jar;C:\Users\Lenovo\.m2\repository\org\thymeleaf\extras\thymeleaf-extras-java8time\3.0.4.RELEASE\thymeleaf-extras-java8time-3.0.4.RELEASE.jar;C:\Users\Lenovo\.m2\repository\org\springframework\boot\spring-boot-starter-mail\2.6.3\spring-boot-starter-mail-2.6.3.jar;C:\Users\Lenovo\.m2\repository\org\springframework\spring-context-support\5.3.15\spring-context-support-5.3.15.jar;C:\Users\Lenovo\.m2\repository\com\sun\mail\jakarta.mail\1.6.7\jakarta.mail-1.6.7.jar;C:\Users\Lenovo\.m2\repository\com\sun\activation\jakarta.activation\1.2.2\jakarta.activation-1.2.2.jar;C:\Users\Lenovo\.m2\repository\org\apache\commons\commons-lang3\3.12.0\commons-lang3-3.12.0.jar;C:\Users\Lenovo\.m2\repository\io\swagger\swagger-annotations\1.6.8\swagger-annotations-1.6.8.jar;C:\Users\Lenovo\.m2\repository\org\thymeleaf\extras\thymeleaf-extras-springsecurity5\3.0.4.RELEASE\thymeleaf-extras-springsecurity5-3.0.4.RELEASE.jar;C:\Users\Lenovo\.m2\repository\org\slf4j\slf4j-api\1.7.33\slf4j-api-1.7.33.jar;C:\Users\Lenovo\.m2\repository\org\springframework\boot\spring-boot-starter-security\2.6.3\spring-boot-starter-security-2.6.3.jar;C:\Users\Lenovo\.m2\repository\org\springframework\spring-aop\5.3.15\spring-aop-5.3.15.jar;C:\Users\Lenovo\.m2\repository\org\springframework\security\spring-security-config\5.6.1\spring-security-config-5.6.1.jar;C:\Users\Lenovo\.m2\repository\org\springframework\security\spring-security-web\5.6.1\spring-security-web-5.6.1.jar;C:\Users\Lenovo\.m2\repository\org\springframework\boot\spring-boot-starter-oauth2-client\2.6.3\spring-boot-starter-oauth2-client-2.6.3.jar;C:\Users\Lenovo\.m2\repository\org\springframework\security\spring-security-core\5.6.1\spring-security-core-5.6.1.jar;C:\Users\Lenovo\.m2\repository\org\springframework\security\spring-security-crypto\5.6.1\spring-security-crypto-5.6.1.jar;C:\Users\Lenovo\.m2\repository\org\springframework\security\spring-security-oauth2-client\5.6.1\spring-security-oauth2-client-5.6.1.jar;C:\Users\Lenovo\.m2\repository\org\springframework\security\spring-security-oauth2-core\5.6.1\spring-security-oauth2-core-5.6.1.jar;C:\Users\Lenovo\.m2\repository\com\nimbusds\oauth2-oidc-sdk\9.19\oauth2-oidc-sdk-9.19.jar;C:\Users\Lenovo\.m2\repository\com\github\stephenc\jcip\jcip-annotations\1.0-1\jcip-annotations-1.0-1.jar;C:\Users\Lenovo\.m2\repository\com\nimbusds\content-type\2.1\content-type-2.1.jar;C:\Users\Lenovo\.m2\repository\com\nimbusds\lang-tag\1.5\lang-tag-1.5.jar;C:\Users\Lenovo\.m2\repository\org\springframework\security\spring-security-oauth2-jose\5.6.1\spring-security-oauth2-jose-5.6.1.jar;C:\Users\Lenovo\.m2\repository\com\nimbusds\nimbus-jose-jwt\9.14\nimbus-jose-jwt-9.14.jar;C:\Users\Lenovo\.m2\repository\org\springframework\security\spring-security-test\5.6.1\spring-security-test-5.6.1.jar;C:\Users\Lenovo\.m2\repository\org\springframework\security\oauth\spring-security-oauth2\2.3.3.RELEASE\spring-security-oauth2-2.3.3.RELEASE.jar;C:\Users\Lenovo\.m2\repository\org\springframework\spring-beans\5.3.15\spring-beans-5.3.15.jar;C:\Users\Lenovo\.m2\repository\org\springframework\spring-context\5.3.15\spring-context-5.3.15.jar;C:\Users\Lenovo\.m2\repository\org\codehaus\jackson\jackson-mapper-asl\1.9.13\jackson-mapper-asl-1.9.13.jar;C:\Users\Lenovo\.m2\repository\org\codehaus\jackson\jackson-core-asl\1.9.13\jackson-core-asl-1.9.13.jar;C:\Users\Lenovo\.m2\repository\com\google\code\gson\gson\2.8.5\gson-2.8.5.jar;C:\Users\Lenovo\.m2\repository\org\springframework\boot\spring-boot-starter-webflux\2.6.3\spring-boot-starter-webflux-2.6.3.jar;C:\Users\Lenovo\.m2\repository\org\springframework\boot\spring-boot-starter-reactor-netty\2.6.3\spring-boot-starter-reactor-netty-2.6.3.jar;C:\Users\Lenovo\.m2\repository\io\projectreactor\netty\reactor-netty-http\1.0.15\reactor-netty-http-1.0.15.jar;C:\Users\Lenovo\.m2\repository\io\netty\netty-codec-http\4.1.73.Final\netty-codec-http-4.1.73.Final.jar;C:\Users\Lenovo\.m2\repository\io\netty\netty-common\4.1.73.Final\netty-common-4.1.73.Final.jar;C:\Users\Lenovo\.m2\repository\io\netty\netty-buffer\4.1.73.Final\netty-buffer-4.1.73.Final.jar;C:\Users\Lenovo\.m2\repository\io\netty\netty-transport\4.1.73.Final\netty-transport-4.1.73.Final.jar;C:\Users\Lenovo\.m2\repository\io\netty\netty-codec\4.1.73.Final\netty-codec-4.1.73.Final.jar;C:\Users\Lenovo\.m2\repository\io\netty\netty-handler\4.1.73.Final\netty-handler-4.1.73.Final.jar;C:\Users\Lenovo\.m2\repository\io\netty\netty-tcnative-classes\2.0.46.Final\netty-tcnative-classes-2.0.46.Final.jar;C:\Users\Lenovo\.m2\repository\io\netty\netty-codec-http2\4.1.73.Final\netty-codec-http2-4.1.73.Final.jar;C:\Users\Lenovo\.m2\repository\io\netty\netty-resolver-dns\4.1.73.Final\netty-resolver-dns-4.1.73.Final.jar;C:\Users\Lenovo\.m2\repository\io\netty\netty-resolver\4.1.73.Final\netty-resolver-4.1.73.Final.jar;C:\Users\Lenovo\.m2\repository\io\netty\netty-codec-dns\4.1.73.Final\netty-codec-dns-4.1.73.Final.jar;C:\Users\Lenovo\.m2\repository\io\netty\netty-resolver-dns-native-macos\4.1.73.Final\netty-resolver-dns-native-macos-4.1.73.Final-osx-x86_64.jar;C:\Users\Lenovo\.m2\repository\io\netty\netty-resolver-dns-classes-macos\4.1.73.Final\netty-resolver-dns-classes-macos-4.1.73.Final.jar;C:\Users\Lenovo\.m2\repository\io\netty\netty-transport-native-epoll\4.1.73.Final\netty-transport-native-epoll-4.1.73.Final-linux-x86_64.jar;C:\Users\Lenovo\.m2\repository\io\netty\netty-transport-native-unix-common\4.1.73.Final\netty-transport-native-unix-common-4.1.73.Final.jar;C:\Users\Lenovo\.m2\repository\io\netty\netty-transport-classes-epoll\4.1.73.Final\netty-transport-classes-epoll-4.1.73.Final.jar;C:\Users\Lenovo\.m2\repository\io\projectreactor\netty\reactor-netty-core\1.0.15\reactor-netty-core-1.0.15.jar;C:\Users\Lenovo\.m2\repository\io\netty\netty-handler-proxy\4.1.73.Final\netty-handler-proxy-4.1.73.Final.jar;C:\Users\Lenovo\.m2\repository\io\netty\netty-codec-socks\4.1.73.Final\netty-codec-socks-4.1.73.Final.jar;C:\Users\Lenovo\.m2\repository\org\springframework\spring-webflux\5.3.15\spring-webflux-5.3.15.jar;C:\Users\Lenovo\.m2\repository\io\projectreactor\reactor-core\3.4.14\reactor-core-3.4.14.jar;C:\Users\Lenovo\.m2\repository\org\reactivestreams\reactive-streams\1.0.3\reactive-streams-1.0.3.jar;C:\Users\Lenovo\.m2\repository\com\baomidou\mybatis-plus-boot-starter\3.5.1\mybatis-plus-boot-starter-3.5.1.jar;C:\Users\Lenovo\.m2\repository\com\baomidou\mybatis-plus\3.5.1\mybatis-plus-3.5.1.jar;C:\Users\Lenovo\.m2\repository\com\baomidou\mybatis-plus-extension\3.5.1\mybatis-plus-extension-3.5.1.jar;C:\Users\Lenovo\.m2\repository\com\baomidou\mybatis-plus-core\3.5.1\mybatis-plus-core-3.5.1.jar;C:\Users\Lenovo\.m2\repository\com\baomidou\mybatis-plus-annotation\3.5.1\mybatis-plus-annotation-3.5.1.jar;C:\Users\Lenovo\.m2\repository\com\github\jsqlparser\jsqlparser\4.3\jsqlparser-4.3.jar;C:\Users\Lenovo\.m2\repository\org\mybatis\mybatis\3.5.9\mybatis-3.5.9.jar;C:\Users\Lenovo\.m2\repository\org\mybatis\mybatis-spring\2.0.6\mybatis-spring-2.0.6.jar;C:\Users\Lenovo\.m2\repository\org\springframework\boot\spring-boot-autoconfigure\2.6.3\spring-boot-autoconfigure-2.6.3.jar;C:\Users\Lenovo\.m2\repository\org\springframework\boot\spring-boot-starter-jdbc\2.6.3\spring-boot-starter-jdbc-2.6.3.jar;C:\Users\Lenovo\.m2\repository\com\zaxxer\HikariCP\4.0.3\HikariCP-4.0.3.jar;C:\Users\Lenovo\.m2\repository\org\springframework\spring-jdbc\5.3.15\spring-jdbc-5.3.15.jar;C:\Users\Lenovo\.m2\repository\org\springframework\spring-tx\5.3.15\spring-tx-5.3.15.jar;C:\Users\Lenovo\.m2\repository\org\projectlombok\lombok\1.18.22\lombok-1.18.22.jar;C:\Users\Lenovo\.m2\repository\mysql\mysql-connector-java\8.0.28\mysql-connector-java-8.0.28.jar;C:\Users\Lenovo\.m2\repository\com\baomidou\mybatis-plus-generator\3.5.1\mybatis-plus-generator-3.5.1.jar;C:\Users\Lenovo\.m2\repository\org\freemarker\freemarker\2.3.31\freemarker-2.3.31.jar;C:\Users\Lenovo\.m2\repository\junit\junit\4.13.2\junit-4.13.2.jar;C:\Users\Lenovo\.m2\repository\org\hamcrest\hamcrest-core\2.2\hamcrest-core-2.2.jar;C:\Users\Lenovo\.m2\repository\org\webjars\vue\2.7.8\vue-2.7.8.jar;C:\Users\Lenovo\.m2\repository\org\webjars\npm\axios\1.1.3\axios-1.1.3.jar;C:\Users\Lenovo\.m2\repository\org\webjars\npm\follow-redirects\1.15.2\follow-redirects-1.15.2.jar;C:\Users\Lenovo\.m2\repository\org\webjars\npm\form-data\4.0.0\form-data-4.0.0.jar;C:\Users\Lenovo\.m2\repository\org\webjars\npm\asynckit\0.4.0\asynckit-0.4.0.jar;C:\Users\Lenovo\.m2\repository\org\webjars\npm\combined-stream\1.0.8\combined-stream-1.0.8.jar;C:\Users\Lenovo\.m2\repository\org\webjars\npm\delayed-stream\1.0.0\delayed-stream-1.0.0.jar;C:\Users\Lenovo\.m2\repository\org\webjars\npm\mime-types\2.1.35\mime-types-2.1.35.jar;C:\Users\Lenovo\.m2\repository\org\webjars\npm\mime-db\1.52.0\mime-db-1.52.0.jar;C:\Users\Lenovo\.m2\repository\org\webjars\npm\proxy-from-env\1.1.0\proxy-from-env-1.1.0.jar;C:\Users\Lenovo\.m2\repository\org\springframework\boot\spring-boot-starter-json\2.0.3.RELEASE\spring-boot-starter-json-2.0.3.RELEASE.jar;C:\Users\Lenovo\.m2\repository\com\fasterxml\jackson\core\jackson-databind\2.13.1\jackson-databind-2.13.1.jar;C:\Users\Lenovo\.m2\repository\com\fasterxml\jackson\core\jackson-annotations\2.13.1\jackson-annotations-2.13.1.jar;C:\Users\Lenovo\.m2\repository\com\fasterxml\jackson\core\jackson-core\2.13.1\jackson-core-2.13.1.jar;C:\Users\Lenovo\.m2\repository\com\fasterxml\jackson\datatype\jackson-datatype-jdk8\2.13.1\jackson-datatype-jdk8-2.13.1.jar;C:\Users\Lenovo\.m2\repository\com\fasterxml\jackson\datatype\jackson-datatype-jsr310\2.13.1\jackson-datatype-jsr310-2.13.1.jar;C:\Users\Lenovo\.m2\repository\com\fasterxml\jackson\module\jackson-module-parameter-names\2.13.1\jackson-module-parameter-names-2.13.1.jar;C:\Users\Lenovo\.m2\repository\com\github\penggle\kaptcha\2.3.2\kaptcha-2.3.2.jar;C:\Users\Lenovo\.m2\repository\javax\servlet\javax.servlet-api\4.0.1\javax.servlet-api-4.0.1.jar;C:\Users\Lenovo\.m2\repository\com\jhlabs\filters\2.0.235-1\filters-2.0.235-1.jar;C:\Users\Lenovo\.m2\repository\commons-codec\commons-codec\1.11\commons-codec-1.11.jar;"/>
    <property name="sun.cpu.endian" value="little"/>
    <property name="user.home" value="C:\Users\Lenovo"/>
    <property name="user.language" value="zh"/>
    <property name="java.specification.vendor" value="Oracle Corporation"/>
    <property name="java.version.date" value="2022-08-18"/>
    <property name="java.home" value="C:\Program Files\Java\jdk-18.0.2.1"/>
    <property name="file.separator" value="\"/>
    <property name="basedir" value="C:\Users\Lenovo\IdeaProjects\books"/>
    <property name="java.vm.compressedOopsMode" value="32-bit"/>
    <property name="line.separator" value="&#10;"/>
    <property name="java.vm.specification.vendor" value="Oracle Corporation"/>
    <property name="java.specification.name" value="Java Platform API Specification"/>
    <property name="surefire.real.class.path" value="C:\Users\Lenovo\AppData\Local\Temp\surefire7774849634472161354\surefirebooter4930843758293044428.jar"/>
    <property name="user.script" value=""/>
    <property name="sun.management.compiler" value="HotSpot 64-Bit Tiered Compilers"/>
    <property name="java.runtime.version" value="18.0.2.1+1-1"/>
    <property name="user.name" value="Lenovo"/>
    <property name="path.separator" value=";"/>
    <property name="os.version" value="10.0"/>
    <property name="java.runtime.name" value="Java(TM) SE Runtime Environment"/>
    <property name="file.encoding" value="UTF-8"/>
    <property name="java.vm.name" value="Java HotSpot(TM) 64-Bit Server VM"/>
    <property name="localRepository" value="C:\Users\Lenovo\.m2\repository"/>
    <property name="java.vendor.url.bug" value="https://bugreport.java.com/bugreport/"/>
    <property name="java.io.tmpdir" value="C:\Users\Lenovo\AppData\Local\Temp\"/>
    <property name="idea.version" value="2022.2.1"/>
    <property name="java.version" value="18.0.2.1"/>
    <property name="user.dir" value="C:\Users\Lenovo\IdeaProjects\books"/>
    <property name="os.arch" value="amd64"/>
    <property name="java.vm.specification.name" value="Java Virtual Machine Specification"/>
    <property name="sun.os.patch.level" value=""/>
    <property name="native.encoding" value="MS950"/>
    <property name="java.library.path" value="C:\Program Files\Java\jdk-18.0.2.1\bin;C:\WINDOWS\Sun\Java\bin;C:\WINDOWS\system32;C:\WINDOWS;C:\Program Files\Common Files\Oracle\Java\javapath;C:\Program Files (x86)\Common Files\Oracle\Java\javapath;C:\WINDOWS\system32;C:\WINDOWS;C:\WINDOWS\System32\Wbem;C:\WINDOWS\System32\WindowsPowerShell\v1.0\;C:\WINDOWS\System32\OpenSSH\;C:\Program Files\Intel\WiFi\bin\;C:\Program Files\Common Files\Intel\WirelessCommon\;C:\Program Files\nodejs\;C:\Program Files\Git\cmd;C:\Users\Lenovo\Desktop\mongosh-1.6.0-win32-x64\bin;C:\Users\Lenovo\AppData\Local\Programs\Microsoft VS Code\bin;C:\Program Files\heroku\bin;."/>
    <property name="java.vm.info" value="mixed mode, sharing"/>
    <property name="java.vendor" value="Oracle Corporation"/>
    <property name="java.vm.version" value="18.0.2.1+1-1"/>
    <property name="sun.io.unicode.encoding" value="UnicodeLittle"/>
    <property name="java.class.version" value="62.0"/>
  </properties>
  <testcase name="contextLoads" classname="com.example.books.BooksApplicationTests" time="1.861"/>
</testsuite>